[01:36:11] [main/INFO] (FabricLoader/GameProvider) Loading Minecraft 1.20.1 with Fabric Loader 0.16.5
[01:36:12] [main/INFO] (FabricLoader) Loading 59 mods:
	- fabric-api 0.92.2+1.20.1
	- fabric-api-base 0.4.31+1802ada577
	- fabric-api-lookup-api-v1 1.6.36+1802ada577
	- fabric-biome-api-v1 13.0.13+1802ada577
	- fabric-block-api-v1 1.0.11+1802ada577
	- fabric-block-view-api-v2 1.0.1+1802ada577
	- fabric-blockrenderlayer-v1 1.1.41+1802ada577
	- fabric-client-tags-api-v1 1.1.2+1802ada577
	- fabric-command-api-v1 1.2.34+f71b366f77
	- fabric-command-api-v2 2.2.13+1802ada577
	- fabric-commands-v0 0.2.51+df3654b377
	- fabric-containers-v0 0.1.64+df3654b377
	- fabric-content-registries-v0 4.0.11+1802ada577
	- fabric-convention-tags-v1 1.5.5+1802ada577
	- fabric-crash-report-info-v1 0.2.19+1802ada577
	- fabric-data-attachment-api-v1 1.0.0+de0fd6d177
	- fabric-data-generation-api-v1 12.3.4+1802ada577
	- fabric-dimensions-v1 2.1.54+1802ada577
	- fabric-entity-events-v1 1.6.0+1c78457f77
	- fabric-events-interaction-v0 0.6.2+1802ada577
	- fabric-events-lifecycle-v0 0.2.63+df3654b377
	- fabric-game-rule-api-v1 1.0.40+1802ada577
	- fabric-gametest-api-v1 1.2.13+1802ada577
	- fabric-item-api-v1 2.1.28+1802ada577
	- fabric-item-group-api-v1 4.0.12+1802ada577
	- fabric-key-binding-api-v1 1.0.37+1802ada577
	- fabric-keybindings-v0 0.2.35+df3654b377
	- fabric-lifecycle-events-v1 2.2.22+1802ada577
	- fabric-loot-api-v2 1.2.1+1802ada577
	- fabric-loot-tables-v1 1.1.45+9e7660c677
	- fabric-message-api-v1 5.1.9+1802ada577
	- fabric-mining-level-api-v1 2.1.50+1802ada577
	- fabric-model-loading-api-v1 1.0.3+1802ada577
	- fabric-models-v0 0.4.2+9386d8a777
	- fabric-networking-api-v1 1.3.11+1802ada577
	- fabric-networking-v0 0.3.51+df3654b377
	- fabric-object-builder-api-v1 11.1.3+1802ada577
	- fabric-particles-v1 1.1.2+1802ada577
	- fabric-recipe-api-v1 1.0.21+1802ada577
	- fabric-registry-sync-v0 2.3.3+1802ada577
	- fabric-renderer-api-v1 3.2.1+1802ada577
	- fabric-renderer-indigo 1.5.2+85287f9f77
	- fabric-renderer-registries-v1 3.2.46+df3654b377
	- fabric-rendering-data-attachment-v1 0.3.37+92a0d36777
	- fabric-rendering-fluids-v1 3.0.28+1802ada577
	- fabric-rendering-v0 1.1.49+df3654b377
	- fabric-rendering-v1 3.0.8+1802ada577
	- fabric-resource-conditions-api-v1 2.3.8+1802ada577
	- fabric-resource-loader-v0 0.11.10+1802ada577
	- fabric-screen-api-v1 2.0.8+1802ada577
	- fabric-screen-handler-api-v1 1.3.30+1802ada577
	- fabric-sound-api-v1 1.0.13+1802ada577
	- fabric-transfer-api-v1 3.3.5+8dd72ea377
	- fabric-transitive-access-wideners-v1 4.3.1+1802ada577
	- fabricloader 0.16.5
	- java 17
	- minecraft 1.20.1
	- mixinextras 0.4.1
	- vesters 0.1-1.20.1
[01:36:12] [main/INFO] (FabricLoader/Mixin) SpongePowered MIXIN Subsystem Version=0.8.7 Source=file:/C:/Users/Dylan/.gradle/caches/modules-2/files-2.1/net.fabricmc/sponge-mixin/0.15.3+mixin.0.8.7/51ee0a44ab05f6fddd66b09e66b3a16904f9c55d/sponge-mixin-0.15.3+mixin.0.8.7.jar Service=Knot/Fabric Env=CLIENT
[01:36:12] [main/INFO] (FabricLoader/Mixin) Loaded Fabric development mappings for mixin remapper!
[01:36:12] [main/INFO] (FabricLoader/Mixin) Compatibility level set to JAVA_16
[01:36:12] [main/INFO] (FabricLoader/Mixin) Compatibility level set to JAVA_17
[01:36:13] [main/INFO] (FabricLoader/MixinExtras|Service) Initializing MixinExtras via com.llamalad7.mixinextras.service.MixinExtrasServiceImpl(version=0.4.1).
[01:36:17] [Datafixer Bootstrap/INFO] (Minecraft) 188 Datafixer optimizations took 164 milliseconds
[01:36:19] [Render thread/INFO] (Minecraft) Environment: authHost='https://authserver.mojang.com', accountsHost='https://api.mojang.com', sessionHost='https://sessionserver.mojang.com', servicesHost='https://api.minecraftservices.com', name='PROD'
[01:36:19] [Render thread/ERROR] (Minecraft) Failed to verify authentication
com.mojang.authlib.exceptions.InvalidCredentialsException: Status: 401
	at com.mojang.authlib.exceptions.MinecraftClientHttpException.toAuthenticationException(MinecraftClientHttpException.java:56) ~[authlib-4.0.43.jar:?]
	at com.mojang.authlib.yggdrasil.YggdrasilUserApiService.fetchProperties(YggdrasilUserApiService.java:156) ~[authlib-4.0.43.jar:?]
	at com.mojang.authlib.yggdrasil.YggdrasilUserApiService.<init>(YggdrasilUserApiService.java:55) ~[authlib-4.0.43.jar:?]
	at com.mojang.authlib.yggdrasil.YggdrasilAuthenticationService.createUserApiService(YggdrasilAuthenticationService.java:124) ~[authlib-4.0.43.jar:?]
	at net.minecraft.client.MinecraftClient.createUserApiService(MinecraftClient.java:733) ~[minecraft-merged-7787b014d4-1.20.1-net.fabricmc.yarn.1_20_1.1.20.1+build.10-v2.jar:?]
	at net.minecraft.client.MinecraftClient.<init>(MinecraftClient.java:498) ~[minecraft-merged-7787b014d4-1.20.1-net.fabricmc.yarn.1_20_1.1.20.1+build.10-v2.jar:?]
	at net.minecraft.client.main.Main.main(Main.java:188) ~[minecraft-merged-7787b014d4-1.20.1-net.fabricmc.yarn.1_20_1.1.20.1+build.10-v2.jar:?]
	at net.fabricmc.loader.impl.game.minecraft.MinecraftGameProvider.launch(MinecraftGameProvider.java:480) ~[fabric-loader-0.16.5.jar:?]
	at net.fabricmc.loader.impl.launch.knot.Knot.launch(Knot.java:74) ~[fabric-loader-0.16.5.jar:?]
	at net.fabricmc.loader.impl.launch.knot.KnotClient.main(KnotClient.java:23) ~[fabric-loader-0.16.5.jar:?]
	at net.fabricmc.devlaunchinjector.Main.main(Main.java:86) ~[dev-launch-injector-0.2.1+build.8.jar:?]
Caused by: com.mo[01:36:29] [Server thread/INFO] (Minecraft) Player210[/127.0.0.1:57258] logged in with entity id 368 at (8.5, 67.0, -71.5)
[01:36:29] [Server thread/INFO] (Minecraft) Player210 joined the game
[01:36:41] [Server thread/INFO] (Minecraft) Made Player501 a server operator
[01:36:47] [Server thread/INFO] (Minecraft) Nothing changed. The player already is an operator
[01:36:52] [Server thread/INFO] (Minecraft) [Not Secure] <Player210> qw
[01:36:54] [Server thread/INFO] (Minecraft) [Player210: Set own game mode to Creative Mode]
[01:37:21] [Server thread/INFO] (Minecraft) Player501 blew up
[01:37:37] [Server thread/INFO] (Minecraft) [Player501: Set own game mode to Creative Mode]
[01:37:41] [Server thread/INFO] (Minecraft) Player501 has completed the challenge [Cover Me in Debris]
[01:37:50] [Server thread/INFO] (Minecraft) [Player501: Applied enchantment Blast Protection IV to Player501's item]
[01:37:51] [Server thread/INFO] (Minecraft) [Player501: Applied enchantment Blast Protection IV to Player501's item]
[01:37:52] [Server thread/INFO] (Minecraft) [Player501: Applied enchantment Blast Protection IV to Player501's item]
[01:37:54] [Server thread/INFO] (Minecraft) [Player501: Applied enchantment Blast Protection IV to Player501's item]
[01:38:32] [Server thread/INFO] (Minecraft) [Player501: Gamerule keepInventory is now set to: true]
[01:38:34] [Server thread/INFO] (Minecraft) [Player501: Set own game mode to Survival Mode]
[01:38:39] [Server thread/INFO] (Minecraft) [Player501: Set own game mode to Creative Mode]
[01:39:02] [Server thread/INFO] (Minecraft) [Player501: Successfully filled 961 block(s)]
[01:39:07] [Server thread/INFO] (Minecraft) [Player501: Set the world spawn point to 31, 81, -68 [0.0]]
[01:39:08] [Server thread/INFO] (Minecraft) [Player501: Set spawn point to 31, 81, -68 [0.0] in minecraft:overworld for Player501]
[01:39:14] [Server thread/INFO] (Minecraft) [Player501: Set own game mode to Survival Mode]
[01:39:17] [Server thread/INFO] (Minecraft) [Player501: Teleported 2 entities to Player501]
[01:39:17] [Server thread/WARN] (Minecraft) Player210 moved too quickly! 16.929247246121122,14.0,9.777643859532546
[01:39:17] [Server thread/WARN] (Minecraft) Player210 moved too quickly! 16.929247246121122,14.0,9.777643859532546
[01:39:17] [Server thread/WARN] (Minecraft) Player210 moved too quickly! 16.929247246121122,14.0,9.777643859532546
[01:39:17] [Server thread/WARN] (Minecraft) Player210 moved too quickly! 16.929247246121122,14.0,9.777643859532546
[01:39:23] [Server thread/INFO] (Minecraft) Player501 blew up
[01:39:49] [Server thread/INFO] (Minecraft) Player501 blew up
[01:40:14] [Server thread/INFO] (Minecraft) Player210 lost connection: Disconnected
[01:40:14] [Server thread/INFO] (Minecraft) Player210 left the game
[01:40:16] [Server thread/INFO] (Minecraft) Player501 lost connection: Disconnected
[01:40:16] [Server thread/INFO] (Minecraft) Player501 left the game
Render thread/INFO] (Minecraft) Sound engine started
[01:36:23] [Render thread/INFO] (Minecraft) Created: 1024x512x4 minecraft:textures/atlas/blocks.png-atlas
[01:36:23] [Render thread/INFO] (Minecraft) Created: 256x256x4 minecraft:textures/atlas/signs.png-atlas
[01:36:23] [Render thread/INFO] (Minecraft) Created: 512x512x4 minecraft:textures/atlas/banner_patterns.png-atlas
[01:36:23] [Render thread/INFO] (Minecraft) Created: 512x512x4 minecraft:textures/atlas/shield_patterns.png-atlas
[01:36:23] [Render thread/INFO] (Minecraft) Created: 1024x1024x4 minecraft:textures/atlas/armor_trims.png-atlas
[01:36:23] [Render thread/INFO] (Minecraft) Created: 256x256x4 minecraft:textures/atlas/chest.png-atlas
[01:36:23] [Render thread/INFO] (Minecraft) Created: 128x64x4 minecraft:textures/atlas/decorated_pot.png-atlas
[01:36:23] [Render thread/INFO] (Minecraft) Created: 512x256x4 minecraft:textures/atlas/beds.png-atlas
[01:36:23] [Render thread/INFO] (Minecraft) Created: 512x256x4 minecraft:textures/atlas/shulker_boxes.png-atlas
[01:36:24] [Render thread/WARN] (Minecraft) Shader rendertype_entity_translucent_emissive could not find sampler named Sampler2 in the specified shader program.
[01:36:24] [Render thread/INFO] (Minecraft) Created: 256x256x0 minecraft:textures/atlas/particles.png-atlas
[01:36:24] [Render thread/INFO] (Minecraft) Created: 256x256x0 minecraft:textures/atlas/paintings.png-atlas
[01:36:24] [Render thread/INFO] (Minecraft) Created: 128x128x0 minecraft:textures/atlas/mob_effects.png-atlas
[01:36:28] [Render thread/INFO] (Minecraft) Connecting to localhost, 25565
[01:36:30] [Render thread/INFO] (Minecraft) Loaded 2 advancements
[01:36:41] [Render thread/INFO] (Minecraft) [System] [CHAT] [Server: Made Player501 a server operator]
[01:36:52] [Render thread/INFO] (Minecraft) [Not Secure] [CHAT] <Player210> qw
[01:36:54] [Render thread/INFO] (Minecraft) [System] [CHAT] Set own game mode to Creative Mode
[01:37:00] [Render thread/INFO] (Minecraft) [System] [CHAT] Bomb Vest registered with # 153017
[01:37:03] [Render thread/INFO] (Minecraft) [System] [CHAT] Phone registered with # 490919
[01:37:09] [Ren[01:37:21] [Render thread/INFO] (Minecraft) [System] [CHAT] Player501 blew up
[01:37:37] [Render thread/INFO] (Minecraft) [System] [CHAT] Set own game mode to Creative Mode
[01:37:41] [Render thread/INFO] (Minecraft) [System] [CHAT] Player501 has completed the challenge [Cover Me in Debris]
[01:37:41] [Render thread/INFO] (Minecraft) Loaded 5 advancements
[01:37:49] [Render thread/INFO] (Minecraft) [System] [CHAT] 6 is higher than the maximum level of 4 supported by that enchantment
[01:37:50] [Render thread/INFO] (Minecraft) [System] [CHAT] Applied enchantment Blast Protection IV to Player501's item
[01:37:51] [Render thread/INFO] (Minecraft) [System] [CHAT] Applied enchantment Blast Protection IV to Player501's item
[01:37:52] [Render thread/INFO] (Minecraft) [System] [CHAT] Applied enchantment Blast Protection IV to Player501's item
[01:37:54] [Render thread/INFO] (Minecraft) [System] [CHAT] Applied enchantment Blast Protection IV to Player501's item
[01:38:00] [Render thread/INFO] (Minecraft) [System] [CHAT] Netherite Helmet cannot support that enchantment
[01:38:02] [Render thread/INFO] (Minecraft) [System] [CHAT] Netherite Helmet [01:38:32] [Render thread/INFO] (Minecraft) [System] [CHAT] [Player501: Gamerule keepInventory is now set to: true]
[01:38:34] [Render thread/INFO] (Minecraft) [System] [CHAT] [Player501: Set own game mode to Survival Mode]
[01:38:39] [Render thread/INFO] (Minecraft) [System] [CHAT] [Player501: Set own game mode to Creative Mode]
[01:39:02] [Render thread/INFO] (Minecraft) [System] [CHAT] [Player501: Successfully filled 961 block(s)]
[01:39:07] [Render thread/INFO] (Minecraft) [System] [CHAT] [Player501: Set the world spawn point to 31, 81, -68 [0.0]]
[01:39:08] [Render thread/INFO] (Minecraft) [System] [CHAT] [Player501: Set spawn point to 31, 81, -68 [0.0] in minecraft:overworld for Player501]
[01:39:14] [Render thread/INFO] (Minecraft) [System] [CHAT] [Player501: Set own game mode to Survival Mode]
[01:39:17] [Render thread/INFO] (Minecraft) [System] [CHAT] [Player501: Teleported 2 entities to Player501]
[01:39:23] [Render thread/INFO] (Minecraft) [System] [CHAT] Calling 153017
[01:39:23] [Render thread/INFO] (Minecraft) [System] [CHAT] Player501 blew up
[01:39:49] [Render thread/INFO] (Minecraft) [System] [CHAT] Calling 153017
[01:39:49] [Render thread/INFO] (Minecraft) [System] [CHAT] Player501 blew up
[01:39:59] [Render thread/INFO] (Minecraft) [System] [CHAT] C4 registered with # 358274
[01:40:03] [Render thread/INFO] (Minecraft) [System] [CHAT] Dial # set to 3582[01:40:14] [Render thread/INFO] (Minecraft) [System] [CHAT] Player210 left the game
[01:40:16] [Render thread/INFO] (Minecraft) Stopping!
